Copyright 1986-2018 Xilinx, Inc. All Rights Reserved.
-------------------------------------------------------------------------------------------------------------------------------------------------------
| Tool Version     : Vivado v.2018.2 (win64) Build 2258646 Thu Jun 14 20:03:12 MDT 2018
| Date             : Sat Apr  4 22:32:24 2020
| Host             : LAPTOP-8K9SBMUC running 64-bit major release  (build 9200)
| Command          : report_power -file Top_Student_power_routed.rpt -pb Top_Student_power_summary_routed.pb -rpx Top_Student_power_routed.rpx
| Design           : Top_Student
| Device           : xc7a35tcpg236-1
| Design State     : routed
| Grade            : commercial
| Process          : typical
| Characterization : Production
-------------------------------------------------------------------------------------------------------------------------------------------------------

Power Report

Table of Contents
-----------------
1. Summary
1.1 On-Chip Components
1.2 Power Supply Summary
1.3 Confidence Level
2. Settings
2.1 Environment
2.2 Clock Constraints
3. Detailed Reports
3.1 By Hierarchy

1. Summary
----------

+--------------------------+--------------+
| Total On-Chip Power (W)  | 0.101        |
| Design Power Budget (W)  | Unspecified* |
| Power Budget Margin (W)  | NA           |
| Dynamic (W)              | 0.029        |
| Device Static (W)        | 0.072        |
| Effective TJA (C/W)      | 5.0          |
| Max Ambient (C)          | 84.5         |
| Junction Temperature (C) | 25.5         |
| Confidence Level         | Low          |
| Setting File             | ---          |
| Simulation Activity File | ---          |
| Design Nets Matched      | NA           |
+--------------------------+--------------+
* Specify Design Power Budget using, set_operating_conditions -design_power_budget <value in Watts>


1.1 On-Chip Components
----------------------

+----------------+-----------+----------+-----------+-----------------+
| On-Chip        | Power (W) | Used     | Available | Utilization (%) |
+----------------+-----------+----------+-----------+-----------------+
| Clocks         |     0.004 |        3 |       --- |             --- |
| Slice Logic    |     0.011 |     6262 |       --- |             --- |
|   LUT as Logic |     0.010 |     3744 |     20800 |           18.00 |
|   CARRY4       |    <0.001 |      588 |      8150 |            7.21 |
|   Register     |    <0.001 |      654 |     41600 |            1.57 |
|   BUFG         |    <0.001 |        1 |        32 |            3.13 |
|   Others       |     0.000 |      117 |       --- |             --- |
| Signals        |     0.010 |     4354 |       --- |             --- |
| I/O            |     0.004 |       55 |       106 |           51.89 |
| Static Power   |     0.072 |          |           |                 |
| Total          |     0.101 |          |           |                 |
+----------------+-----------+----------+-----------+-----------------+


1.2 Power Supply Summary
------------------------

+-----------+-------------+-----------+-------------+------------+
| Source    | Voltage (V) | Total (A) | Dynamic (A) | Static (A) |
+-----------+-------------+-----------+-------------+------------+
| Vccint    |       1.000 |     0.035 |       0.025 |      0.010 |
| Vccaux    |       1.800 |     0.013 |       0.000 |      0.013 |
| Vcco33    |       3.300 |     0.002 |       0.001 |      0.001 |
| Vcco25    |       2.500 |     0.000 |       0.000 |      0.000 |
| Vcco18    |       1.800 |     0.000 |       0.000 |      0.000 |
| Vcco15    |       1.500 |     0.000 |       0.000 |      0.000 |
| Vcco135   |       1.350 |     0.000 |       0.000 |      0.000 |
| Vcco12    |       1.200 |     0.000 |       0.000 |      0.000 |
| Vccaux_io |       1.800 |     0.000 |       0.000 |      0.000 |
| Vccbram   |       1.000 |     0.000 |       0.000 |      0.000 |
| MGTAVcc   |       1.000 |     0.000 |       0.000 |      0.000 |
| MGTAVtt   |       1.200 |     0.000 |       0.000 |      0.000 |
| Vccadc    |       1.800 |     0.020 |       0.000 |      0.020 |
+-----------+-------------+-----------+-------------+------------+


1.3 Confidence Level
--------------------

+-----------------------------+------------+--------------------------------------------------------+--------------------------------------------------------------------------------------------------------------------+
| User Input Data             | Confidence | Details                                                | Action                                                                                                             |
+-----------------------------+------------+--------------------------------------------------------+--------------------------------------------------------------------------------------------------------------------+
| Design implementation state | High       | Design is routed                                       |                                                                                                                    |
| Clock nodes activity        | Low        | User specified less than 75% of clocks                 | Provide missing clock activity with a constraint file, simulation results or by editing the "By Clock Domain" view |
| I/O nodes activity          | Low        | More than 75% of inputs are missing user specification | Provide missing input activity with simulation results or by editing the "By Resource Type -> I/Os" view           |
| Internal nodes activity     | Medium     | User specified less than 25% of internal nodes         | Provide missing internal nodes activity with simulation results or by editing the "By Resource Type" views         |
| Device models               | High       | Device models are Production                           |                                                                                                                    |
|                             |            |                                                        |                                                                                                                    |
| Overall confidence level    | Low        |                                                        |                                                                                                                    |
+-----------------------------+------------+--------------------------------------------------------+--------------------------------------------------------------------------------------------------------------------+


2. Settings
-----------

2.1 Environment
---------------

+-----------------------+--------------------------+
| Ambient Temp (C)      | 25.0                     |
| ThetaJA (C/W)         | 5.0                      |
| Airflow (LFM)         | 250                      |
| Heat Sink             | medium (Medium Profile)  |
| ThetaSA (C/W)         | 4.6                      |
| Board Selection       | medium (10"x10")         |
| # of Board Layers     | 12to15 (12 to 15 Layers) |
| Board Temperature (C) | 25.0                     |
+-----------------------+--------------------------+


2.2 Clock Constraints
---------------------

+-------------+--------+-----------------+
| Clock       | Domain | Constraint (ns) |
+-------------+--------+-----------------+
| sys_clk_pin | CLOCK  |            10.0 |
+-------------+--------+-----------------+


3. Detailed Reports
-------------------

3.1 By Hierarchy
----------------

+-----------------+-----------+
| Name            | Power (W) |
+-----------------+-----------+
| Top_Student     |     0.029 |
|   c3            |    <0.001 |
|   d2            |    <0.001 |
|     led_reg[10] |     0.000 |
|     led_reg[11] |     0.000 |
|     led_reg[12] |     0.000 |
|     led_reg[13] |     0.000 |
|     led_reg[14] |     0.000 |
|     led_reg[1]  |     0.000 |
|     led_reg[2]  |     0.000 |
|     led_reg[3]  |     0.000 |
|     led_reg[4]  |     0.000 |
|     led_reg[5]  |     0.000 |
|     led_reg[6]  |     0.000 |
|     led_reg[7]  |     0.000 |
|     led_reg[8]  |     0.000 |
|     led_reg[9]  |     0.000 |
|     seg1_reg[5] |     0.000 |
|   d3            |    <0.001 |
|   d4            |     0.000 |
|   d5            |    <0.001 |
|     dut0        |    <0.001 |
|     dut1        |    <0.001 |
|     dut2        |    <0.001 |
|   d6            |     0.008 |
|     dev11       |    <0.001 |
|       dut1      |    <0.001 |
|       dut2      |    <0.001 |
|     dev12       |    <0.001 |
|       dut1      |    <0.001 |
|       dut2      |    <0.001 |
|     dev13       |    <0.001 |
|       dut1      |    <0.001 |
|       dut2      |    <0.001 |
|     dev14       |    <0.001 |
|       dut1      |    <0.001 |
|       dut2      |    <0.001 |
|     dev15       |    <0.001 |
|       dut1      |    <0.001 |
|       dut2      |    <0.001 |
|   d7            |    <0.001 |
|   dev1          |    <0.001 |
|   dev10         |     0.002 |
|   dev11         |    <0.001 |
|     dut1        |    <0.001 |
|     dut2        |    <0.001 |
|   dev12         |    <0.001 |
|     dut1        |    <0.001 |
|     dut2        |    <0.001 |
|   dev13         |    <0.001 |
|     dut1        |    <0.001 |
|     dut2        |    <0.001 |
|   dev14         |    <0.001 |
|     dut1        |    <0.001 |
|     dut2        |    <0.001 |
|   dev2          |     0.011 |
|   dev3          |    <0.001 |
|   dev4          |    <0.001 |
|     dut0        |    <0.001 |
|     dut1        |    <0.001 |
|     dut2        |    <0.001 |
|   dev5          |    <0.001 |
|   dev8          |     0.001 |
|     dev1        |    <0.001 |
|       dut0      |    <0.001 |
|       dut1      |    <0.001 |
|       dut2      |    <0.001 |
|     dev2        |    <0.001 |
|       dut1      |    <0.001 |
|       dut2      |    <0.001 |
|   sc            |    <0.001 |
+-----------------+-----------+


